<?xml version="1.0" encoding="utf-8"?><testsuites><testsuite name="pytest" errors="0" failures="0" skipped="0" tests="4" time="0.025" timestamp="2022-11-10T06:50:37.647974" hostname="LAPTOP-TAA41GME"><testcase classname="test_solution" name="test_case1" time="0.001" /><testcase classname="test_solution" name="test_case2" time="0.000" /><testcase classname="test_solution" name="test_case3" time="0.000" /><testcase classname="test_solution" name="test_case4" time="0.000" /></testsuite></testsuites>